{"C:\\Users\\kucep\\Desktop\\React\\starter\\Stellar_burgers\\src\\services\\actions\\authActions.ts": {"path":"C:\\Users\\kucep\\Desktop\\React\\starter\\Stellar_burgers\\src\\services\\actions\\authActions.ts","statementMap":{"0":{"start":{"line":5,"column":28},"end":{"line":36,"column":1}},"1":{"start":{"line":15,"column":2},"end":{"line":34,"column":3}},"2":{"start":{"line":17,"column":3},"end":{"line":17,"column":42}},"3":{"start":{"line":18,"column":3},"end":{"line":18,"column":43}},"4":{"start":{"line":20,"column":16},"end":{"line":24,"column":5}},"5":{"start":{"line":25,"column":3},"end":{"line":25,"column":59}},"6":{"start":{"line":26,"column":23},"end":{"line":26,"column":113}},"7":{"start":{"line":27,"column":3},"end":{"line":27,"column":52}},"8":{"start":{"line":28,"column":3},"end":{"line":28,"column":15}},"9":{"start":{"line":30,"column":3},"end":{"line":32,"column":4}},"10":{"start":{"line":31,"column":4},"end":{"line":31,"column":40}},"11":{"start":{"line":33,"column":3},"end":{"line":33,"column":60}},"12":{"start":{"line":39,"column":25},"end":{"line":62,"column":1}},"13":{"start":{"line":45,"column":2},"end":{"line":60,"column":3}},"14":{"start":{"line":46,"column":16},"end":{"line":50,"column":5}},"15":{"start":{"line":51,"column":3},"end":{"line":51,"column":59}},"16":{"start":{"line":52,"column":23},"end":{"line":52,"column":113}},"17":{"start":{"line":53,"column":3},"end":{"line":53,"column":52}},"18":{"start":{"line":54,"column":3},"end":{"line":54,"column":15}},"19":{"start":{"line":56,"column":3},"end":{"line":58,"column":4}},"20":{"start":{"line":57,"column":4},"end":{"line":57,"column":40}},"21":{"start":{"line":59,"column":3},"end":{"line":59,"column":60}},"22":{"start":{"line":65,"column":26},"end":{"line":92,"column":1}},"23":{"start":{"line":68,"column":2},"end":{"line":90,"column":3}},"24":{"start":{"line":69,"column":24},"end":{"line":69,"column":60}},"25":{"start":{"line":70,"column":3},"end":{"line":70,"column":64}},"26":{"start":{"line":70,"column":22},"end":{"line":70,"column":64}},"27":{"start":{"line":71,"column":16},"end":{"line":75,"column":5}},"28":{"start":{"line":76,"column":3},"end":{"line":76,"column":43}},"29":{"start":{"line":77,"column":3},"end":{"line":77,"column":42}},"30":{"start":{"line":78,"column":3},"end":{"line":78,"column":51}},"31":{"start":{"line":79,"column":3},"end":{"line":79,"column":57}},"32":{"start":{"line":80,"column":3},"end":{"line":80,"column":46}},"33":{"start":{"line":81,"column":3},"end":{"line":81,"column":50}},"34":{"start":{"line":82,"column":3},"end":{"line":82,"column":43}},"35":{"start":{"line":83,"column":3},"end":{"line":83,"column":49}},"36":{"start":{"line":84,"column":3},"end":{"line":84,"column":15}},"37":{"start":{"line":86,"column":3},"end":{"line":88,"column":4}},"38":{"start":{"line":87,"column":4},"end":{"line":87,"column":40}},"39":{"start":{"line":89,"column":3},"end":{"line":89,"column":55}},"40":{"start":{"line":95,"column":25},"end":{"line":129,"column":1}},"41":{"start":{"line":98,"column":2},"end":{"line":127,"column":3}},"42":{"start":{"line":99,"column":23},"end":{"line":99,"column":58}},"43":{"start":{"line":100,"column":3},"end":{"line":100,"column":65}},"44":{"start":{"line":100,"column":21},"end":{"line":100,"column":65}},"45":{"start":{"line":101,"column":16},"end":{"line":107,"column":5}},"46":{"start":{"line":108,"column":3},"end":{"line":108,"column":61}},"47":{"start":{"line":109,"column":3},"end":{"line":109,"column":20}},"48":{"start":{"line":111,"column":3},"end":{"line":111,"column":50}},"49":{"start":{"line":112,"column":3},"end":{"line":125,"column":4}},"50":{"start":{"line":113,"column":4},"end":{"line":113,"column":60}},"51":{"start":{"line":114,"column":27},"end":{"line":114,"column":47}},"52":{"start":{"line":115,"column":4},"end":{"line":115,"column":67}},"53":{"start":{"line":116,"column":17},"end":{"line":122,"column":6}},"54":{"start":{"line":123,"column":4},"end":{"line":123,"column":76}},"55":{"start":{"line":124,"column":4},"end":{"line":124,"column":21}},"56":{"start":{"line":126,"column":3},"end":{"line":126,"column":115}},"57":{"start":{"line":132,"column":26},"end":{"line":166,"column":1}},"58":{"start":{"line":138,"column":2},"end":{"line":164,"column":3}},"59":{"start":{"line":139,"column":23},"end":{"line":139,"column":58}},"60":{"start":{"line":140,"column":3},"end":{"line":140,"column":65}},"61":{"start":{"line":140,"column":21},"end":{"line":140,"column":65}},"62":{"start":{"line":141,"column":16},"end":{"line":148,"column":5}},"63":{"start":{"line":149,"column":3},"end":{"line":149,"column":20}},"64":{"start":{"line":151,"column":3},"end":{"line":162,"column":4}},"65":{"start":{"line":152,"column":27},"end":{"line":152,"column":47}},"66":{"start":{"line":153,"column":17},"end":{"line":160,"column":6}},"67":{"start":{"line":161,"column":4},"end":{"line":161,"column":21}},"68":{"start":{"line":163,"column":3},"end":{"line":163,"column":116}},"69":{"start":{"line":168,"column":30},"end":{"line":168,"column":80}}},"fnMap":{"0":{"name":"(anonymous_0)","decl":{"start":{"line":7,"column":1},"end":{"line":7,"column":2}},"loc":{"start":{"line":14,"column":6},"end":{"line":35,"column":2}},"line":14},"1":{"name":"(anonymous_1)","decl":{"start":{"line":41,"column":1},"end":{"line":41,"column":2}},"loc":{"start":{"line":44,"column":6},"end":{"line":61,"column":2}},"line":44},"2":{"name":"(anonymous_2)","decl":{"start":{"line":67,"column":1},"end":{"line":67,"column":2}},"loc":{"start":{"line":67,"column":35},"end":{"line":91,"column":2}},"line":67},"3":{"name":"(anonymous_3)","decl":{"start":{"line":97,"column":1},"end":{"line":97,"column":2}},"loc":{"start":{"line":97,"column":35},"end":{"line":128,"column":2}},"line":97},"4":{"name":"(anonymous_4)","decl":{"start":{"line":134,"column":1},"end":{"line":134,"column":2}},"loc":{"start":{"line":137,"column":6},"end":{"line":165,"column":2}},"line":137}},"branchMap":{"0":{"loc":{"start":{"line":26,"column":23},"end":{"line":26,"column":113}},"type":"cond-expr","locations":[{"start":{"line":26,"column":64},"end":{"line":26,"column":94}},{"start":{"line":26,"column":97},"end":{"line":26,"column":113}}],"line":26},"1":{"loc":{"start":{"line":30,"column":3},"end":{"line":32,"column":4}},"type":"if","locations":[{"start":{"line":30,"column":3},"end":{"line":32,"column":4}},{"start":{},"end":{}}],"line":30},"2":{"loc":{"start":{"line":52,"column":23},"end":{"line":52,"column":113}},"type":"cond-expr","locations":[{"start":{"line":52,"column":64},"end":{"line":52,"column":94}},{"start":{"line":52,"column":97},"end":{"line":52,"column":113}}],"line":52},"3":{"loc":{"start":{"line":56,"column":3},"end":{"line":58,"column":4}},"type":"if","locations":[{"start":{"line":56,"column":3},"end":{"line":58,"column":4}},{"start":{},"end":{}}],"line":56},"4":{"loc":{"start":{"line":70,"column":3},"end":{"line":70,"column":64}},"type":"if","locations":[{"start":{"line":70,"column":3},"end":{"line":70,"column":64}},{"start":{},"end":{}}],"line":70},"5":{"loc":{"start":{"line":86,"column":3},"end":{"line":88,"column":4}},"type":"if","locations":[{"start":{"line":86,"column":3},"end":{"line":88,"column":4}},{"start":{},"end":{}}],"line":86},"6":{"loc":{"start":{"line":100,"column":3},"end":{"line":100,"column":65}},"type":"if","locations":[{"start":{"line":100,"column":3},"end":{"line":100,"column":65}},{"start":{},"end":{}}],"line":100},"7":{"loc":{"start":{"line":112,"column":3},"end":{"line":125,"column":4}},"type":"if","locations":[{"start":{"line":112,"column":3},"end":{"line":125,"column":4}},{"start":{},"end":{}}],"line":112},"8":{"loc":{"start":{"line":112,"column":7},"end":{"line":112,"column":60}},"type":"binary-expr","locations":[{"start":{"line":112,"column":7},"end":{"line":112,"column":27}},{"start":{"line":112,"column":31},"end":{"line":112,"column":60}}],"line":112},"9":{"loc":{"start":{"line":126,"column":26},"end":{"line":126,"column":113}},"type":"cond-expr","locations":[{"start":{"line":126,"column":49},"end":{"line":126,"column":60}},{"start":{"line":126,"column":63},"end":{"line":126,"column":113}}],"line":126},"10":{"loc":{"start":{"line":140,"column":3},"end":{"line":140,"column":65}},"type":"if","locations":[{"start":{"line":140,"column":3},"end":{"line":140,"column":65}},{"start":{},"end":{}}],"line":140},"11":{"loc":{"start":{"line":147,"column":44},"end":{"line":147,"column":68}},"type":"binary-expr","locations":[{"start":{"line":147,"column":44},"end":{"line":147,"column":52}},{"start":{"line":147,"column":56},"end":{"line":147,"column":68}}],"line":147},"12":{"loc":{"start":{"line":151,"column":3},"end":{"line":162,"column":4}},"type":"if","locations":[{"start":{"line":151,"column":3},"end":{"line":162,"column":4}},{"start":{},"end":{}}],"line":151},"13":{"loc":{"start":{"line":151,"column":7},"end":{"line":151,"column":60}},"type":"binary-expr","locations":[{"start":{"line":151,"column":7},"end":{"line":151,"column":27}},{"start":{"line":151,"column":31},"end":{"line":151,"column":60}}],"line":151},"14":{"loc":{"start":{"line":159,"column":45},"end":{"line":159,"column":69}},"type":"binary-expr","locations":[{"start":{"line":159,"column":45},"end":{"line":159,"column":53}},{"start":{"line":159,"column":57},"end":{"line":159,"column":69}}],"line":159},"15":{"loc":{"start":{"line":163,"column":26},"end":{"line":163,"column":114}},"type":"cond-expr","locations":[{"start":{"line":163,"column":49},"end":{"line":163,"column":60}},{"start":{"line":163,"column":63},"end":{"line":163,"column":114}}],"line":163}},"s":{"0":2,"1":0,"2":0,"3":0,"4":0,"5":0,"6":0,"7":0,"8":0,"9":0,"10":0,"11":0,"12":2,"13":0,"14":0,"15":0,"16":0,"17":0,"18":0,"19":0,"20":0,"21":0,"22":2,"23":0,"24":0,"25":0,"26":0,"27":0,"28":0,"29":0,"30":0,"31":0,"32":0,"33":0,"34":0,"35":0,"36":0,"37":0,"38":0,"39":0,"40":2,"41":0,"42":0,"43":0,"44":0,"45":0,"46":0,"47":0,"48":0,"49":0,"50":0,"51":0,"52":0,"53":0,"54":0,"55":0,"56":0,"57":2,"58":0,"59":0,"60":0,"61":0,"62":0,"63":0,"64":0,"65":0,"66":0,"67":0,"68":0,"69":2},"f":{"0":0,"1":0,"2":0,"3":0,"4":0},"b":{"0":[0,0],"1":[0,0],"2":[0,0],"3":[0,0],"4":[0,0],"5":[0,0],"6":[0,0],"7":[0,0],"8":[0,0],"9":[0,0],"10":[0,0],"11":[0,0],"12":[0,0],"13":[0,0],"14":[0,0],"15":[0,0]},"_coverageSchema":"1a1c01bbd47fc00a2c39e90264f33305004495a9","hash":"8765aee6e1726172348809fb464b78f42fabc0c8"}
,"C:\\Users\\kucep\\Desktop\\React\\starter\\Stellar_burgers\\src\\services\\actions\\currentIngredientActions.ts": {"path":"C:\\Users\\kucep\\Desktop\\React\\starter\\Stellar_burgers\\src\\services\\actions\\currentIngredientActions.ts","statementMap":{"0":{"start":{"line":4,"column":36},"end":{"line":6,"column":1}},"1":{"start":{"line":8,"column":38},"end":{"line":10,"column":1}}},"fnMap":{},"branchMap":{},"s":{"0":1,"1":1},"f":{},"b":{},"_coverageSchema":"1a1c01bbd47fc00a2c39e90264f33305004495a9","hash":"703b0db0011270561cc2816865a3a7ae4f6e8a41"}
,"C:\\Users\\kucep\\Desktop\\React\\starter\\Stellar_burgers\\src\\services\\actions\\ingredientsActions.ts": {"path":"C:\\Users\\kucep\\Desktop\\React\\starter\\Stellar_burgers\\src\\services\\actions\\ingredientsActions.ts","statementMap":{"0":{"start":{"line":4,"column":32},"end":{"line":17,"column":1}},"1":{"start":{"line":7,"column":2},"end":{"line":15,"column":3}},"2":{"start":{"line":8,"column":16},"end":{"line":8,"column":44}},"3":{"start":{"line":9,"column":3},"end":{"line":9,"column":20}},"4":{"start":{"line":11,"column":3},"end":{"line":13,"column":4}},"5":{"start":{"line":12,"column":4},"end":{"line":12,"column":40}},"6":{"start":{"line":14,"column":3},"end":{"line":14,"column":58}}},"fnMap":{"0":{"name":"(anonymous_0)","decl":{"start":{"line":6,"column":1},"end":{"line":6,"column":2}},"loc":{"start":{"line":6,"column":35},"end":{"line":16,"column":2}},"line":6}},"branchMap":{"0":{"loc":{"start":{"line":11,"column":3},"end":{"line":13,"column":4}},"type":"if","locations":[{"start":{"line":11,"column":3},"end":{"line":13,"column":4}},{"start":{},"end":{}}],"line":11}},"s":{"0":2,"1":0,"2":0,"3":0,"4":0,"5":0,"6":0},"f":{"0":0},"b":{"0":[0,0]},"_coverageSchema":"1a1c01bbd47fc00a2c39e90264f33305004495a9","hash":"8ef0a8478d1b3720c08f9e861429b084febaebda"}
,"C:\\Users\\kucep\\Desktop\\React\\starter\\Stellar_burgers\\src\\services\\actions\\wsActions.ts": {"path":"C:\\Users\\kucep\\Desktop\\React\\starter\\Stellar_burgers\\src\\services\\actions\\wsActions.ts","statementMap":{"0":{"start":{"line":5,"column":35},"end":{"line":5,"column":78}},"1":{"start":{"line":6,"column":37},"end":{"line":6,"column":74}},"2":{"start":{"line":7,"column":35},"end":{"line":7,"column":78}},"3":{"start":{"line":8,"column":36},"end":{"line":8,"column":72}},"4":{"start":{"line":9,"column":30},"end":{"line":9,"column":79}},"5":{"start":{"line":10,"column":31},"end":{"line":10,"column":67}},"6":{"start":{"line":13,"column":40},"end":{"line":13,"column":88}},"7":{"start":{"line":14,"column":42},"end":{"line":14,"column":84}},"8":{"start":{"line":15,"column":40},"end":{"line":15,"column":88}},"9":{"start":{"line":16,"column":41},"end":{"line":16,"column":82}},"10":{"start":{"line":17,"column":35},"end":{"line":17,"column":89}},"11":{"start":{"line":18,"column":36},"end":{"line":18,"column":77}},"12":{"start":{"line":113,"column":33},"end":{"line":113,"column":83}},"13":{"start":{"line":114,"column":35},"end":{"line":114,"column":71}},"14":{"start":{"line":115,"column":33},"end":{"line":115,"column":83}},"15":{"start":{"line":116,"column":34},"end":{"line":116,"column":69}},"16":{"start":{"line":117,"column":28},"end":{"line":117,"column":84}},"17":{"start":{"line":118,"column":29},"end":{"line":118,"column":86}}},"fnMap":{},"branchMap":{},"s":{"0":3,"1":3,"2":3,"3":3,"4":3,"5":3,"6":3,"7":3,"8":3,"9":3,"10":3,"11":3,"12":3,"13":3,"14":3,"15":3,"16":3,"17":3},"f":{},"b":{},"_coverageSchema":"1a1c01bbd47fc00a2c39e90264f33305004495a9","hash":"191b067d5ffc854fb5e353e7e99ecfaa4f7d19f6"}
,"C:\\Users\\kucep\\Desktop\\React\\starter\\Stellar_burgers\\src\\services\\reducers\\authReducer.ts": {"path":"C:\\Users\\kucep\\Desktop\\React\\starter\\Stellar_burgers\\src\\services\\reducers\\authReducer.ts","statementMap":{"0":{"start":{"line":19,"column":39},"end":{"line":25,"column":1}},"1":{"start":{"line":27,"column":18},"end":{"line":81,"column":2}},"2":{"start":{"line":32,"column":3},"end":{"line":32,"column":38}},"3":{"start":{"line":36,"column":2},"end":{"line":79,"column":6}},"4":{"start":{"line":38,"column":4},"end":{"line":38,"column":37}},"5":{"start":{"line":39,"column":4},"end":{"line":39,"column":51}},"6":{"start":{"line":40,"column":4},"end":{"line":40,"column":31}},"7":{"start":{"line":43,"column":4},"end":{"line":43,"column":37}},"8":{"start":{"line":44,"column":4},"end":{"line":44,"column":51}},"9":{"start":{"line":45,"column":4},"end":{"line":45,"column":31}},"10":{"start":{"line":48,"column":4},"end":{"line":48,"column":22}},"11":{"start":{"line":49,"column":4},"end":{"line":49,"column":29}},"12":{"start":{"line":50,"column":4},"end":{"line":50,"column":31}},"13":{"start":{"line":53,"column":4},"end":{"line":53,"column":78}},"14":{"start":{"line":54,"column":4},"end":{"line":54,"column":25}},"15":{"start":{"line":55,"column":4},"end":{"line":55,"column":23}},"16":{"start":{"line":58,"column":4},"end":{"line":58,"column":105}},"17":{"start":{"line":59,"column":4},"end":{"line":59,"column":26}},"18":{"start":{"line":60,"column":4},"end":{"line":60,"column":32}},"19":{"start":{"line":61,"column":24},"end":{"line":61,"column":59}},"20":{"start":{"line":62,"column":4},"end":{"line":64,"column":5}},"21":{"start":{"line":63,"column":5},"end":{"line":63,"column":101}},"22":{"start":{"line":65,"column":4},"end":{"line":65,"column":31}},"23":{"start":{"line":66,"column":4},"end":{"line":66,"column":79}},"24":{"start":{"line":69,"column":4},"end":{"line":69,"column":108}},"25":{"start":{"line":70,"column":4},"end":{"line":70,"column":26}},"26":{"start":{"line":71,"column":4},"end":{"line":71,"column":63}},"27":{"start":{"line":72,"column":4},"end":{"line":72,"column":22}},"28":{"start":{"line":73,"column":4},"end":{"line":73,"column":29}},"29":{"start":{"line":74,"column":4},"end":{"line":74,"column":31}},"30":{"start":{"line":75,"column":4},"end":{"line":75,"column":78}},"31":{"start":{"line":78,"column":4},"end":{"line":78,"column":32}}},"fnMap":{"0":{"name":"(anonymous_0)","decl":{"start":{"line":31,"column":18},"end":{"line":31,"column":19}},"loc":{"start":{"line":31,"column":37},"end":{"line":33,"column":3}},"line":31},"1":{"name":"(anonymous_1)","decl":{"start":{"line":35,"column":16},"end":{"line":35,"column":17}},"loc":{"start":{"line":35,"column":29},"end":{"line":80,"column":2}},"line":35},"2":{"name":"(anonymous_2)","decl":{"start":{"line":37,"column":36},"end":{"line":37,"column":37}},"loc":{"start":{"line":37,"column":55},"end":{"line":41,"column":4}},"line":37},"3":{"name":"(anonymous_3)","decl":{"start":{"line":42,"column":33},"end":{"line":42,"column":34}},"loc":{"start":{"line":42,"column":52},"end":{"line":46,"column":4}},"line":42},"4":{"name":"(anonymous_4)","decl":{"start":{"line":47,"column":34},"end":{"line":47,"column":35}},"loc":{"start":{"line":47,"column":45},"end":{"line":51,"column":4}},"line":47},"5":{"name":"(anonymous_5)","decl":{"start":{"line":52,"column":31},"end":{"line":52,"column":32}},"loc":{"start":{"line":52,"column":42},"end":{"line":56,"column":4}},"line":52},"6":{"name":"(anonymous_6)","decl":{"start":{"line":57,"column":33},"end":{"line":57,"column":34}},"loc":{"start":{"line":57,"column":52},"end":{"line":67,"column":4}},"line":57},"7":{"name":"(anonymous_7)","decl":{"start":{"line":68,"column":32},"end":{"line":68,"column":33}},"loc":{"start":{"line":68,"column":51},"end":{"line":76,"column":4}},"line":68},"8":{"name":"(anonymous_8)","decl":{"start":{"line":77,"column":34},"end":{"line":77,"column":35}},"loc":{"start":{"line":77,"column":53},"end":{"line":79,"column":4}},"line":77}},"branchMap":{"0":{"loc":{"start":{"line":62,"column":4},"end":{"line":64,"column":5}},"type":"if","locations":[{"start":{"line":62,"column":4},"end":{"line":64,"column":5}},{"start":{},"end":{}}],"line":62},"1":{"loc":{"start":{"line":63,"column":25},"end":{"line":63,"column":100}},"type":"cond-expr","locations":[{"start":{"line":63,"column":61},"end":{"line":63,"column":86}},{"start":{"line":63,"column":89},"end":{"line":63,"column":100}}],"line":63},"2":{"loc":{"start":{"line":71,"column":18},"end":{"line":71,"column":62}},"type":"binary-expr","locations":[{"start":{"line":71,"column":18},"end":{"line":71,"column":38}},{"start":{"line":71,"column":42},"end":{"line":71,"column":62}}],"line":71}},"s":{"0":2,"1":2,"2":1,"3":2,"4":1,"5":1,"6":1,"7":1,"8":1,"9":1,"10":1,"11":1,"12":1,"13":1,"14":1,"15":1,"16":1,"17":1,"18":1,"19":1,"20":1,"21":1,"22":1,"23":1,"24":1,"25":1,"26":1,"27":1,"28":1,"29":1,"30":1,"31":1},"f":{"0":1,"1":2,"2":1,"3":1,"4":1,"5":1,"6":1,"7":1,"8":1},"b":{"0":[1,0],"1":[0,1],"2":[1,0]},"_coverageSchema":"1a1c01bbd47fc00a2c39e90264f33305004495a9","hash":"104835e450263b5cb751fac5b5d46807ce7abf5d"}
,"C:\\Users\\kucep\\Desktop\\React\\starter\\Stellar_burgers\\src\\services\\reducers\\constructorReducer.ts": {"path":"C:\\Users\\kucep\\Desktop\\React\\starter\\Stellar_burgers\\src\\services\\reducers\\constructorReducer.ts","statementMap":{"0":{"start":{"line":9,"column":46},"end":{"line":12,"column":1}},"1":{"start":{"line":14,"column":25},"end":{"line":84,"column":2}},"2":{"start":{"line":23,"column":23},"end":{"line":23,"column":37}},"3":{"start":{"line":26,"column":4},"end":{"line":32,"column":5}},"4":{"start":{"line":27,"column":5},"end":{"line":27,"column":44}},"5":{"start":{"line":28,"column":5},"end":{"line":31,"column":7}},"6":{"start":{"line":35,"column":4},"end":{"line":35,"column":59}},"7":{"start":{"line":36,"column":4},"end":{"line":40,"column":6}},"8":{"start":{"line":43,"column":21},"end":{"line":43,"column":71}},"9":{"start":{"line":44,"column":4},"end":{"line":44,"column":49}},"10":{"start":{"line":45,"column":4},"end":{"line":50,"column":6}},"11":{"start":{"line":57,"column":3},"end":{"line":59,"column":5}},"12":{"start":{"line":58,"column":14},"end":{"line":58,"column":46}},"13":{"start":{"line":65,"column":24},"end":{"line":65,"column":38}},"14":{"start":{"line":67,"column":3},"end":{"line":77,"column":4}},"15":{"start":{"line":73,"column":21},"end":{"line":73,"column":37}},"16":{"start":{"line":74,"column":22},"end":{"line":74,"column":46}},"17":{"start":{"line":75,"column":4},"end":{"line":75,"column":36}},"18":{"start":{"line":76,"column":4},"end":{"line":76,"column":27}},"19":{"start":{"line":80,"column":3},"end":{"line":80,"column":20}},"20":{"start":{"line":81,"column":3},"end":{"line":81,"column":20}},"21":{"start":{"line":91,"column":4},"end":{"line":91,"column":28}}},"fnMap":{"0":{"name":"(anonymous_0)","decl":{"start":{"line":19,"column":12},"end":{"line":19,"column":13}},"loc":{"start":{"line":22,"column":8},"end":{"line":41,"column":4}},"line":22},"1":{"name":"(anonymous_1)","decl":{"start":{"line":42,"column":12},"end":{"line":42,"column":13}},"loc":{"start":{"line":42,"column":40},"end":{"line":51,"column":4}},"line":42},"2":{"name":"(anonymous_2)","decl":{"start":{"line":53,"column":20},"end":{"line":53,"column":21}},"loc":{"start":{"line":56,"column":7},"end":{"line":60,"column":3}},"line":56},"3":{"name":"(anonymous_3)","decl":{"start":{"line":58,"column":4},"end":{"line":58,"column":5}},"loc":{"start":{"line":58,"column":14},"end":{"line":58,"column":46}},"line":58},"4":{"name":"(anonymous_4)","decl":{"start":{"line":61,"column":18},"end":{"line":61,"column":19}},"loc":{"start":{"line":64,"column":7},"end":{"line":78,"column":3}},"line":64},"5":{"name":"(anonymous_5)","decl":{"start":{"line":79,"column":20},"end":{"line":79,"column":21}},"loc":{"start":{"line":79,"column":31},"end":{"line":82,"column":3}},"line":79}},"branchMap":{"0":{"loc":{"start":{"line":26,"column":4},"end":{"line":32,"column":5}},"type":"if","locations":[{"start":{"line":26,"column":4},"end":{"line":32,"column":5}},{"start":{},"end":{}}],"line":26},"1":{"loc":{"start":{"line":39,"column":12},"end":{"line":39,"column":69}},"type":"cond-expr","locations":[{"start":{"line":39,"column":26},"end":{"line":39,"column":54}},{"start":{"line":39,"column":57},"end":{"line":39,"column":69}}],"line":39},"2":{"loc":{"start":{"line":67,"column":3},"end":{"line":77,"column":4}},"type":"if","locations":[{"start":{"line":67,"column":3},"end":{"line":77,"column":4}},{"start":{},"end":{}}],"line":67},"3":{"loc":{"start":{"line":68,"column":4},"end":{"line":71,"column":27}},"type":"binary-expr","locations":[{"start":{"line":68,"column":4},"end":{"line":68,"column":13}},{"start":{"line":69,"column":4},"end":{"line":69,"column":11}},{"start":{"line":70,"column":4},"end":{"line":70,"column":29}},{"start":{"line":71,"column":4},"end":{"line":71,"column":27}}],"line":68}},"s":{"0":2,"1":2,"2":7,"3":7,"4":2,"5":2,"6":5,"7":5,"8":7,"9":7,"10":7,"11":1,"12":1,"13":1,"14":1,"15":1,"16":1,"17":1,"18":1,"19":1,"20":1,"21":2},"f":{"0":7,"1":7,"2":1,"3":1,"4":1,"5":1},"b":{"0":[2,5],"1":[5,0],"2":[1,0],"3":[1,1,1,1]},"_coverageSchema":"1a1c01bbd47fc00a2c39e90264f33305004495a9","hash":"4327fe47180c63c6ef394a608337580dd33cab9e"}
,"C:\\Users\\kucep\\Desktop\\React\\starter\\Stellar_burgers\\src\\services\\reducers\\currentIngredientReducer.ts": {"path":"C:\\Users\\kucep\\Desktop\\React\\starter\\Stellar_burgers\\src\\services\\reducers\\currentIngredientReducer.ts","statementMap":{"0":{"start":{"line":12,"column":52},"end":{"line":14,"column":1}},"1":{"start":{"line":16,"column":33},"end":{"line":24,"column":2}},"2":{"start":{"line":17,"column":1},"end":{"line":23,"column":5}},"3":{"start":{"line":19,"column":3},"end":{"line":19,"column":31}},"4":{"start":{"line":22,"column":3},"end":{"line":22,"column":21}}},"fnMap":{"0":{"name":"(anonymous_0)","decl":{"start":{"line":16,"column":61},"end":{"line":16,"column":62}},"loc":{"start":{"line":16,"column":74},"end":{"line":24,"column":1}},"line":16},"1":{"name":"(anonymous_1)","decl":{"start":{"line":18,"column":33},"end":{"line":18,"column":34}},"loc":{"start":{"line":18,"column":52},"end":{"line":20,"column":3}},"line":18},"2":{"name":"(anonymous_2)","decl":{"start":{"line":21,"column":35},"end":{"line":21,"column":36}},"loc":{"start":{"line":21,"column":46},"end":{"line":23,"column":3}},"line":21}},"branchMap":{},"s":{"0":1,"1":1,"2":1,"3":1,"4":1},"f":{"0":1,"1":1,"2":1},"b":{},"_coverageSchema":"1a1c01bbd47fc00a2c39e90264f33305004495a9","hash":"01a7dfd61c9cf3ba49229f4d45ebf6602e60cfe7"}
,"C:\\Users\\kucep\\Desktop\\React\\starter\\Stellar_burgers\\src\\services\\reducers\\ingredientsReducer.ts": {"path":"C:\\Users\\kucep\\Desktop\\React\\starter\\Stellar_burgers\\src\\services\\reducers\\ingredientsReducer.ts","statementMap":{"0":{"start":{"line":11,"column":46},"end":{"line":15,"column":1}},"1":{"start":{"line":17,"column":25},"end":{"line":36,"column":2}},"2":{"start":{"line":22,"column":2},"end":{"line":34,"column":6}},"3":{"start":{"line":24,"column":4},"end":{"line":24,"column":25}},"4":{"start":{"line":25,"column":4},"end":{"line":25,"column":23}},"5":{"start":{"line":28,"column":4},"end":{"line":28,"column":33}},"6":{"start":{"line":29,"column":4},"end":{"line":29,"column":26}},"7":{"start":{"line":32,"column":4},"end":{"line":32,"column":26}},"8":{"start":{"line":33,"column":4},"end":{"line":33,"column":43}}},"fnMap":{"0":{"name":"(anonymous_0)","decl":{"start":{"line":21,"column":16},"end":{"line":21,"column":17}},"loc":{"start":{"line":21,"column":29},"end":{"line":35,"column":2}},"line":21},"1":{"name":"(anonymous_1)","decl":{"start":{"line":23,"column":38},"end":{"line":23,"column":39}},"loc":{"start":{"line":23,"column":49},"end":{"line":26,"column":4}},"line":23},"2":{"name":"(anonymous_2)","decl":{"start":{"line":27,"column":40},"end":{"line":27,"column":41}},"loc":{"start":{"line":27,"column":59},"end":{"line":30,"column":4}},"line":27},"3":{"name":"(anonymous_3)","decl":{"start":{"line":31,"column":39},"end":{"line":31,"column":40}},"loc":{"start":{"line":31,"column":58},"end":{"line":34,"column":4}},"line":31}},"branchMap":{},"s":{"0":2,"1":2,"2":2,"3":1,"4":1,"5":1,"6":1,"7":1,"8":1},"f":{"0":2,"1":1,"2":1,"3":1},"b":{},"_coverageSchema":"1a1c01bbd47fc00a2c39e90264f33305004495a9","hash":"a87d3ba395111c30778c4d186026a5d422a572f2"}
,"C:\\Users\\kucep\\Desktop\\React\\starter\\Stellar_burgers\\src\\services\\reducers\\orderReducer.ts": {"path":"C:\\Users\\kucep\\Desktop\\React\\starter\\Stellar_burgers\\src\\services\\reducers\\orderReducer.ts","statementMap":{"0":{"start":{"line":18,"column":40},"end":{"line":22,"column":1}},"1":{"start":{"line":25,"column":27},"end":{"line":44,"column":1}},"2":{"start":{"line":28,"column":2},"end":{"line":42,"column":3}},"3":{"start":{"line":29,"column":31},"end":{"line":35,"column":5}},"4":{"start":{"line":36,"column":3},"end":{"line":36,"column":28}},"5":{"start":{"line":38,"column":3},"end":{"line":40,"column":4}},"6":{"start":{"line":39,"column":4},"end":{"line":39,"column":40}},"7":{"start":{"line":41,"column":3},"end":{"line":41,"column":58}},"8":{"start":{"line":46,"column":21},"end":{"line":73,"column":2}},"9":{"start":{"line":51,"column":3},"end":{"line":51,"column":28}},"10":{"start":{"line":52,"column":3},"end":{"line":52,"column":22}},"11":{"start":{"line":56,"column":2},"end":{"line":71,"column":6}},"12":{"start":{"line":58,"column":4},"end":{"line":58,"column":25}},"13":{"start":{"line":59,"column":4},"end":{"line":59,"column":23}},"14":{"start":{"line":60,"column":4},"end":{"line":60,"column":29}},"15":{"start":{"line":63,"column":4},"end":{"line":63,"column":39}},"16":{"start":{"line":64,"column":4},"end":{"line":64,"column":26}},"17":{"start":{"line":65,"column":4},"end":{"line":65,"column":23}},"18":{"start":{"line":68,"column":4},"end":{"line":68,"column":26}},"19":{"start":{"line":69,"column":4},"end":{"line":69,"column":43}},"20":{"start":{"line":70,"column":4},"end":{"line":70,"column":29}},"21":{"start":{"line":75,"column":30},"end":{"line":75,"column":50}}},"fnMap":{"0":{"name":"(anonymous_0)","decl":{"start":{"line":27,"column":1},"end":{"line":27,"column":2}},"loc":{"start":{"line":27,"column":55},"end":{"line":43,"column":2}},"line":27},"1":{"name":"(anonymous_1)","decl":{"start":{"line":50,"column":14},"end":{"line":50,"column":15}},"loc":{"start":{"line":50,"column":25},"end":{"line":53,"column":3}},"line":50},"2":{"name":"(anonymous_2)","decl":{"start":{"line":55,"column":16},"end":{"line":55,"column":17}},"loc":{"start":{"line":55,"column":29},"end":{"line":72,"column":2}},"line":55},"3":{"name":"(anonymous_3)","decl":{"start":{"line":57,"column":33},"end":{"line":57,"column":34}},"loc":{"start":{"line":57,"column":44},"end":{"line":61,"column":4}},"line":57},"4":{"name":"(anonymous_4)","decl":{"start":{"line":62,"column":35},"end":{"line":62,"column":36}},"loc":{"start":{"line":62,"column":54},"end":{"line":66,"column":4}},"line":62},"5":{"name":"(anonymous_5)","decl":{"start":{"line":67,"column":34},"end":{"line":67,"column":35}},"loc":{"start":{"line":67,"column":53},"end":{"line":71,"column":4}},"line":67}},"branchMap":{"0":{"loc":{"start":{"line":38,"column":3},"end":{"line":40,"column":4}},"type":"if","locations":[{"start":{"line":38,"column":3},"end":{"line":40,"column":4}},{"start":{},"end":{}}],"line":38}},"s":{"0":2,"1":2,"2":0,"3":0,"4":0,"5":0,"6":0,"7":0,"8":2,"9":1,"10":1,"11":2,"12":1,"13":1,"14":1,"15":1,"16":1,"17":1,"18":1,"19":1,"20":1,"21":2},"f":{"0":0,"1":1,"2":2,"3":1,"4":1,"5":1},"b":{"0":[0,0]},"_coverageSchema":"1a1c01bbd47fc00a2c39e90264f33305004495a9","hash":"db6384092ea02e7d488978227e098f4e8f4e0dc0"}
,"C:\\Users\\kucep\\Desktop\\React\\starter\\Stellar_burgers\\src\\services\\reducers\\rootReducer.ts": {"path":"C:\\Users\\kucep\\Desktop\\React\\starter\\Stellar_burgers\\src\\services\\reducers\\rootReducer.ts","statementMap":{"0":{"start":{"line":9,"column":27},"end":{"line":16,"column":2}}},"fnMap":{},"branchMap":{},"s":{"0":1},"f":{},"b":{},"_coverageSchema":"1a1c01bbd47fc00a2c39e90264f33305004495a9","hash":"5c5b5894263e393be4f9c23a5cc19268a8539cbe"}
,"C:\\Users\\kucep\\Desktop\\React\\starter\\Stellar_burgers\\src\\services\\reducers\\wsAuthReducer.ts": {"path":"C:\\Users\\kucep\\Desktop\\React\\starter\\Stellar_burgers\\src\\services\\reducers\\wsAuthReducer.ts","statementMap":{"0":{"start":{"line":19,"column":42},"end":{"line":25,"column":1}},"1":{"start":{"line":27,"column":29},"end":{"line":50,"column":2}},"2":{"start":{"line":28,"column":2},"end":{"line":49,"column":7}},"3":{"start":{"line":30,"column":6},"end":{"line":30,"column":31}},"4":{"start":{"line":31,"column":6},"end":{"line":31,"column":30}},"5":{"start":{"line":34,"column":6},"end":{"line":34,"column":32}},"6":{"start":{"line":35,"column":6},"end":{"line":35,"column":35}},"7":{"start":{"line":38,"column":6},"end":{"line":38,"column":32}},"8":{"start":{"line":39,"column":6},"end":{"line":39,"column":30}},"9":{"start":{"line":40,"column":6},"end":{"line":40,"column":24}},"10":{"start":{"line":41,"column":6},"end":{"line":41,"column":25}},"11":{"start":{"line":42,"column":6},"end":{"line":42,"column":30}},"12":{"start":{"line":45,"column":44},"end":{"line":45,"column":58}},"13":{"start":{"line":46,"column":6},"end":{"line":46,"column":28}},"14":{"start":{"line":47,"column":6},"end":{"line":47,"column":26}},"15":{"start":{"line":48,"column":6},"end":{"line":48,"column":36}}},"fnMap":{"0":{"name":"(anonymous_0)","decl":{"start":{"line":27,"column":57},"end":{"line":27,"column":58}},"loc":{"start":{"line":27,"column":109},"end":{"line":50,"column":1}},"line":27},"1":{"name":"(anonymous_1)","decl":{"start":{"line":29,"column":41},"end":{"line":29,"column":42}},"loc":{"start":{"line":29,"column":66},"end":{"line":32,"column":5}},"line":29},"2":{"name":"(anonymous_2)","decl":{"start":{"line":33,"column":39},"end":{"line":33,"column":40}},"loc":{"start":{"line":33,"column":95},"end":{"line":36,"column":5}},"line":33},"3":{"name":"(anonymous_3)","decl":{"start":{"line":37,"column":40},"end":{"line":37,"column":41}},"loc":{"start":{"line":37,"column":65},"end":{"line":43,"column":5}},"line":37},"4":{"name":"(anonymous_4)","decl":{"start":{"line":44,"column":34},"end":{"line":44,"column":35}},"loc":{"start":{"line":44,"column":139},"end":{"line":49,"column":5}},"line":44}},"branchMap":{},"s":{"0":2,"1":2,"2":2,"3":1,"4":1,"5":1,"6":1,"7":1,"8":1,"9":1,"10":1,"11":1,"12":1,"13":1,"14":1,"15":1},"f":{"0":2,"1":1,"2":1,"3":1,"4":1},"b":{},"_coverageSchema":"1a1c01bbd47fc00a2c39e90264f33305004495a9","hash":"29ae5e4dd489de026e1a4f46007cb3ec75748192"}
,"C:\\Users\\kucep\\Desktop\\React\\starter\\Stellar_burgers\\src\\services\\reducers\\wsReducer.ts": {"path":"C:\\Users\\kucep\\Desktop\\React\\starter\\Stellar_burgers\\src\\services\\reducers\\wsReducer.ts","statementMap":{"0":{"start":{"line":20,"column":38},"end":{"line":26,"column":1}},"1":{"start":{"line":28,"column":25},"end":{"line":51,"column":2}},"2":{"start":{"line":29,"column":2},"end":{"line":50,"column":7}},"3":{"start":{"line":31,"column":6},"end":{"line":31,"column":31}},"4":{"start":{"line":32,"column":6},"end":{"line":32,"column":30}},"5":{"start":{"line":35,"column":6},"end":{"line":35,"column":32}},"6":{"start":{"line":36,"column":6},"end":{"line":36,"column":35}},"7":{"start":{"line":39,"column":6},"end":{"line":39,"column":32}},"8":{"start":{"line":40,"column":6},"end":{"line":40,"column":30}},"9":{"start":{"line":41,"column":6},"end":{"line":41,"column":24}},"10":{"start":{"line":42,"column":6},"end":{"line":42,"column":25}},"11":{"start":{"line":43,"column":6},"end":{"line":43,"column":30}},"12":{"start":{"line":46,"column":44},"end":{"line":46,"column":58}},"13":{"start":{"line":47,"column":6},"end":{"line":47,"column":28}},"14":{"start":{"line":48,"column":6},"end":{"line":48,"column":26}},"15":{"start":{"line":49,"column":6},"end":{"line":49,"column":36}}},"fnMap":{"0":{"name":"(anonymous_0)","decl":{"start":{"line":28,"column":53},"end":{"line":28,"column":54}},"loc":{"start":{"line":28,"column":66},"end":{"line":51,"column":1}},"line":28},"1":{"name":"(anonymous_1)","decl":{"start":{"line":30,"column":36},"end":{"line":30,"column":37}},"loc":{"start":{"line":30,"column":47},"end":{"line":33,"column":5}},"line":30},"2":{"name":"(anonymous_2)","decl":{"start":{"line":34,"column":34},"end":{"line":34,"column":35}},"loc":{"start":{"line":34,"column":53},"end":{"line":37,"column":5}},"line":34},"3":{"name":"(anonymous_3)","decl":{"start":{"line":38,"column":35},"end":{"line":38,"column":36}},"loc":{"start":{"line":38,"column":46},"end":{"line":44,"column":5}},"line":38},"4":{"name":"(anonymous_4)","decl":{"start":{"line":45,"column":29},"end":{"line":45,"column":30}},"loc":{"start":{"line":45,"column":48},"end":{"line":50,"column":5}},"line":45}},"branchMap":{},"s":{"0":2,"1":2,"2":2,"3":1,"4":1,"5":1,"6":1,"7":1,"8":1,"9":1,"10":1,"11":1,"12":1,"13":1,"14":1,"15":1},"f":{"0":2,"1":1,"2":1,"3":1,"4":1},"b":{},"_coverageSchema":"1a1c01bbd47fc00a2c39e90264f33305004495a9","hash":"57f70c14e721321b83a3ac791037f9999ba4289c"}
,"C:\\Users\\kucep\\Desktop\\React\\starter\\Stellar_burgers\\src\\utils\\api.ts": {"path":"C:\\Users\\kucep\\Desktop\\React\\starter\\Stellar_burgers\\src\\utils\\api.ts","statementMap":{"0":{"start":{"line":1,"column":24},"end":{"line":1,"column":64}},"1":{"start":{"line":4,"column":22},"end":{"line":9,"column":1}},"2":{"start":{"line":5,"column":1},"end":{"line":7,"column":2}},"3":{"start":{"line":6,"column":2},"end":{"line":6,"column":20}},"4":{"start":{"line":8,"column":1},"end":{"line":8,"column":47}},"5":{"start":{"line":12,"column":23},"end":{"line":18,"column":1}},"6":{"start":{"line":13,"column":1},"end":{"line":13,"column":57}},"7":{"start":{"line":14,"column":1},"end":{"line":14,"column":40}},"8":{"start":{"line":15,"column":1},"end":{"line":15,"column":45}},"9":{"start":{"line":16,"column":1},"end":{"line":16,"column":45}},"10":{"start":{"line":17,"column":1},"end":{"line":17,"column":76}},"11":{"start":{"line":21,"column":28},"end":{"line":43,"column":1}},"12":{"start":{"line":22,"column":22},"end":{"line":22,"column":58}},"13":{"start":{"line":23,"column":1},"end":{"line":26,"column":2}},"14":{"start":{"line":24,"column":2},"end":{"line":24,"column":74}},"15":{"start":{"line":25,"column":2},"end":{"line":25,"column":47}},"16":{"start":{"line":27,"column":1},"end":{"line":27,"column":98}},"17":{"start":{"line":28,"column":1},"end":{"line":42,"column":2}},"18":{"start":{"line":29,"column":15},"end":{"line":33,"column":4}},"19":{"start":{"line":34,"column":2},"end":{"line":34,"column":58}},"20":{"start":{"line":35,"column":25},"end":{"line":35,"column":115}},"21":{"start":{"line":36,"column":2},"end":{"line":36,"column":54}},"22":{"start":{"line":37,"column":2},"end":{"line":37,"column":90}},"23":{"start":{"line":38,"column":2},"end":{"line":38,"column":24}},"24":{"start":{"line":40,"column":2},"end":{"line":40,"column":79}},"25":{"start":{"line":41,"column":2},"end":{"line":41,"column":12}},"26":{"start":{"line":46,"column":28},"end":{"line":56,"column":1}},"27":{"start":{"line":51,"column":1},"end":{"line":55,"column":4}},"28":{"start":{"line":59,"column":25},"end":{"line":65,"column":1}},"29":{"start":{"line":60,"column":1},"end":{"line":64,"column":4}},"30":{"start":{"line":68,"column":26},"end":{"line":78,"column":1}},"31":{"start":{"line":69,"column":22},"end":{"line":69,"column":58}},"32":{"start":{"line":70,"column":1},"end":{"line":72,"column":2}},"33":{"start":{"line":71,"column":2},"end":{"line":71,"column":47}},"34":{"start":{"line":73,"column":1},"end":{"line":77,"column":4}},"35":{"start":{"line":81,"column":29},"end":{"line":87,"column":1}},"36":{"start":{"line":82,"column":1},"end":{"line":86,"column":4}},"37":{"start":{"line":90,"column":30},"end":{"line":96,"column":1}},"38":{"start":{"line":91,"column":1},"end":{"line":95,"column":4}},"39":{"start":{"line":99,"column":23},"end":{"line":107,"column":1}},"40":{"start":{"line":100,"column":1},"end":{"line":106,"column":4}},"41":{"start":{"line":110,"column":26},"end":{"line":122,"column":1}},"42":{"start":{"line":114,"column":1},"end":{"line":121,"column":4}}},"fnMap":{"0":{"name":"(anonymous_0)","decl":{"start":{"line":4,"column":22},"end":{"line":4,"column":23}},"loc":{"start":{"line":4,"column":41},"end":{"line":9,"column":1}},"line":4},"1":{"name":"(anonymous_1)","decl":{"start":{"line":12,"column":23},"end":{"line":12,"column":24}},"loc":{"start":{"line":12,"column":68},"end":{"line":18,"column":1}},"line":12},"2":{"name":"(anonymous_2)","decl":{"start":{"line":21,"column":28},"end":{"line":21,"column":29}},"loc":{"start":{"line":21,"column":40},"end":{"line":43,"column":1}},"line":21},"3":{"name":"(anonymous_3)","decl":{"start":{"line":46,"column":28},"end":{"line":46,"column":29}},"loc":{"start":{"line":50,"column":5},"end":{"line":56,"column":1}},"line":50},"4":{"name":"(anonymous_4)","decl":{"start":{"line":59,"column":25},"end":{"line":59,"column":26}},"loc":{"start":{"line":59,"column":68},"end":{"line":65,"column":1}},"line":59},"5":{"name":"(anonymous_5)","decl":{"start":{"line":68,"column":26},"end":{"line":68,"column":27}},"loc":{"start":{"line":68,"column":38},"end":{"line":78,"column":1}},"line":68},"6":{"name":"(anonymous_6)","decl":{"start":{"line":81,"column":29},"end":{"line":81,"column":30}},"loc":{"start":{"line":81,"column":54},"end":{"line":87,"column":1}},"line":81},"7":{"name":"(anonymous_7)","decl":{"start":{"line":90,"column":30},"end":{"line":90,"column":31}},"loc":{"start":{"line":90,"column":73},"end":{"line":96,"column":1}},"line":90},"8":{"name":"(anonymous_8)","decl":{"start":{"line":99,"column":23},"end":{"line":99,"column":24}},"loc":{"start":{"line":99,"column":54},"end":{"line":107,"column":1}},"line":99},"9":{"name":"(anonymous_9)","decl":{"start":{"line":110,"column":26},"end":{"line":110,"column":27}},"loc":{"start":{"line":113,"column":5},"end":{"line":122,"column":1}},"line":113}},"branchMap":{"0":{"loc":{"start":{"line":5,"column":1},"end":{"line":7,"column":2}},"type":"if","locations":[{"start":{"line":5,"column":1},"end":{"line":7,"column":2}},{"start":{},"end":{}}],"line":5},"1":{"loc":{"start":{"line":23,"column":1},"end":{"line":26,"column":2}},"type":"if","locations":[{"start":{"line":23,"column":1},"end":{"line":26,"column":2}},{"start":{},"end":{}}],"line":23},"2":{"loc":{"start":{"line":35,"column":25},"end":{"line":35,"column":115}},"type":"cond-expr","locations":[{"start":{"line":35,"column":66},"end":{"line":35,"column":96}},{"start":{"line":35,"column":99},"end":{"line":35,"column":115}}],"line":35},"3":{"loc":{"start":{"line":70,"column":1},"end":{"line":72,"column":2}},"type":"if","locations":[{"start":{"line":70,"column":1},"end":{"line":72,"column":2}},{"start":{},"end":{}}],"line":70}},"s":{"0":4,"1":4,"2":0,"3":0,"4":0,"5":4,"6":0,"7":0,"8":0,"9":0,"10":0,"11":4,"12":0,"13":0,"14":0,"15":0,"16":0,"17":0,"18":0,"19":0,"20":0,"21":0,"22":0,"23":0,"24":0,"25":0,"26":4,"27":0,"28":4,"29":0,"30":4,"31":0,"32":0,"33":0,"34":0,"35":4,"36":0,"37":4,"38":0,"39":4,"40":0,"41":4,"42":0},"f":{"0":0,"1":0,"2":0,"3":0,"4":0,"5":0,"6":0,"7":0,"8":0,"9":0},"b":{"0":[0,0],"1":[0,0],"2":[0,0],"3":[0,0]},"_coverageSchema":"1a1c01bbd47fc00a2c39e90264f33305004495a9","hash":"9b848b39fcd39769e0319588b623146f452291c6"}
}
